<?xml version="1.0" encoding="UTF-8"?>
<!-- Generated by org.testng.reporters.JUnitXMLReporter -->
<testsuite hostname="Hughes" ignored="0" name="Default test" tests="3" failures="0" timestamp="2022-02-28T16:42:36 IST" time="0.29" errors="0">
  <testcase name="login" time="0.033" classname="com.testing_properties.Data_Providers_Test"/>
  <testcase name="login" time="0.014" classname="com.testing_properties.Data_Providers_Test"/>
  <testcase name="login" time="0.01" classname="com.testing_properties.Data_Providers_Test"/>
</testsuite> <!-- Default test -->
